                                      1 ;--------------------------------------------------------
                                      2 ; File Created by SDCC : free open source ANSI-C Compiler
                                      3 ; Version 3.4.0/*rc1*/ #8960 (Mar 15 2014) (MINGW32)
                                      4 ; This file was generated Sat Apr 26 22:56:04 2014
                                      5 ;--------------------------------------------------------
                                      6 	.module hw6timer
                                      7 	.optsdcc -mmcs51 --model-small
                                      8 	
                                      9 ;--------------------------------------------------------
                                     10 ; Public variables in this module
                                     11 ;--------------------------------------------------------
                                     12 	.globl _Main
                                     13 	.globl _CY
                                     14 	.globl _AC
                                     15 	.globl _F0
                                     16 	.globl _RS1
                                     17 	.globl _RS0
                                     18 	.globl _OV
                                     19 	.globl _F1
                                     20 	.globl _P
                                     21 	.globl _PS
                                     22 	.globl _PT1
                                     23 	.globl _PX1
                                     24 	.globl _PT0
                                     25 	.globl _PX0
                                     26 	.globl _RD
                                     27 	.globl _WR
                                     28 	.globl _T1
                                     29 	.globl _T0
                                     30 	.globl _INT1
                                     31 	.globl _INT0
                                     32 	.globl _TXD
                                     33 	.globl _RXD
                                     34 	.globl _P3_7
                                     35 	.globl _P3_6
                                     36 	.globl _P3_5
                                     37 	.globl _P3_4
                                     38 	.globl _P3_3
                                     39 	.globl _P3_2
                                     40 	.globl _P3_1
                                     41 	.globl _P3_0
                                     42 	.globl _EA
                                     43 	.globl _ES
                                     44 	.globl _ET1
                                     45 	.globl _EX1
                                     46 	.globl _ET0
                                     47 	.globl _EX0
                                     48 	.globl _P2_7
                                     49 	.globl _P2_6
                                     50 	.globl _P2_5
                                     51 	.globl _P2_4
                                     52 	.globl _P2_3
                                     53 	.globl _P2_2
                                     54 	.globl _P2_1
                                     55 	.globl _P2_0
                                     56 	.globl _SM0
                                     57 	.globl _SM1
                                     58 	.globl _SM2
                                     59 	.globl _REN
                                     60 	.globl _TB8
                                     61 	.globl _RB8
                                     62 	.globl _TI
                                     63 	.globl _RI
                                     64 	.globl _P1_7
                                     65 	.globl _P1_6
                                     66 	.globl _P1_5
                                     67 	.globl _P1_4
                                     68 	.globl _P1_3
                                     69 	.globl _P1_2
                                     70 	.globl _P1_1
                                     71 	.globl _P1_0
                                     72 	.globl _TF1
                                     73 	.globl _TR1
                                     74 	.globl _TF0
                                     75 	.globl _TR0
                                     76 	.globl _IE1
                                     77 	.globl _IT1
                                     78 	.globl _IE0
                                     79 	.globl _IT0
                                     80 	.globl _P0_7
                                     81 	.globl _P0_6
                                     82 	.globl _P0_5
                                     83 	.globl _P0_4
                                     84 	.globl _P0_3
                                     85 	.globl _P0_2
                                     86 	.globl _P0_1
                                     87 	.globl _P0_0
                                     88 	.globl _B
                                     89 	.globl _ACC
                                     90 	.globl _PSW
                                     91 	.globl _IP
                                     92 	.globl _P3
                                     93 	.globl _IE
                                     94 	.globl _P2
                                     95 	.globl _SBUF
                                     96 	.globl _SCON
                                     97 	.globl _P1
                                     98 	.globl _TH1
                                     99 	.globl _TH0
                                    100 	.globl _TL1
                                    101 	.globl _TL0
                                    102 	.globl _TMOD
                                    103 	.globl _TCON
                                    104 	.globl _PCON
                                    105 	.globl _DPH
                                    106 	.globl _DPL
                                    107 	.globl _SP
                                    108 	.globl _P0
                                    109 	.globl _tick
                                    110 	.globl _SWcounter
                                    111 	.globl _InitTimer
                                    112 	.globl _PollTimer
                                    113 	.globl _HandleRollover
                                    114 ;--------------------------------------------------------
                                    115 ; special function registers
                                    116 ;--------------------------------------------------------
                                    117 	.area RSEG    (ABS,DATA)
      000000                        118 	.org 0x0000
                           000080   119 _P0	=	0x0080
                           000081   120 _SP	=	0x0081
                           000082   121 _DPL	=	0x0082
                           000083   122 _DPH	=	0x0083
                           000087   123 _PCON	=	0x0087
                           000088   124 _TCON	=	0x0088
                           000089   125 _TMOD	=	0x0089
                           00008A   126 _TL0	=	0x008a
                           00008B   127 _TL1	=	0x008b
                           00008C   128 _TH0	=	0x008c
                           00008D   129 _TH1	=	0x008d
                           000090   130 _P1	=	0x0090
                           000098   131 _SCON	=	0x0098
                           000099   132 _SBUF	=	0x0099
                           0000A0   133 _P2	=	0x00a0
                           0000A8   134 _IE	=	0x00a8
                           0000B0   135 _P3	=	0x00b0
                           0000B8   136 _IP	=	0x00b8
                           0000D0   137 _PSW	=	0x00d0
                           0000E0   138 _ACC	=	0x00e0
                           0000F0   139 _B	=	0x00f0
                                    140 ;--------------------------------------------------------
                                    141 ; special function bits
                                    142 ;--------------------------------------------------------
                                    143 	.area RSEG    (ABS,DATA)
      000000                        144 	.org 0x0000
                           000080   145 _P0_0	=	0x0080
                           000081   146 _P0_1	=	0x0081
                           000082   147 _P0_2	=	0x0082
                           000083   148 _P0_3	=	0x0083
                           000084   149 _P0_4	=	0x0084
                           000085   150 _P0_5	=	0x0085
                           000086   151 _P0_6	=	0x0086
                           000087   152 _P0_7	=	0x0087
                           000088   153 _IT0	=	0x0088
                           000089   154 _IE0	=	0x0089
                           00008A   155 _IT1	=	0x008a
                           00008B   156 _IE1	=	0x008b
                           00008C   157 _TR0	=	0x008c
                           00008D   158 _TF0	=	0x008d
                           00008E   159 _TR1	=	0x008e
                           00008F   160 _TF1	=	0x008f
                           000090   161 _P1_0	=	0x0090
                           000091   162 _P1_1	=	0x0091
                           000092   163 _P1_2	=	0x0092
                           000093   164 _P1_3	=	0x0093
                           000094   165 _P1_4	=	0x0094
                           000095   166 _P1_5	=	0x0095
                           000096   167 _P1_6	=	0x0096
                           000097   168 _P1_7	=	0x0097
                           000098   169 _RI	=	0x0098
                           000099   170 _TI	=	0x0099
                           00009A   171 _RB8	=	0x009a
                           00009B   172 _TB8	=	0x009b
                           00009C   173 _REN	=	0x009c
                           00009D   174 _SM2	=	0x009d
                           00009E   175 _SM1	=	0x009e
                           00009F   176 _SM0	=	0x009f
                           0000A0   177 _P2_0	=	0x00a0
                           0000A1   178 _P2_1	=	0x00a1
                           0000A2   179 _P2_2	=	0x00a2
                           0000A3   180 _P2_3	=	0x00a3
                           0000A4   181 _P2_4	=	0x00a4
                           0000A5   182 _P2_5	=	0x00a5
                           0000A6   183 _P2_6	=	0x00a6
                           0000A7   184 _P2_7	=	0x00a7
                           0000A8   185 _EX0	=	0x00a8
                           0000A9   186 _ET0	=	0x00a9
                           0000AA   187 _EX1	=	0x00aa
                           0000AB   188 _ET1	=	0x00ab
                           0000AC   189 _ES	=	0x00ac
                           0000AF   190 _EA	=	0x00af
                           0000B0   191 _P3_0	=	0x00b0
                           0000B1   192 _P3_1	=	0x00b1
                           0000B2   193 _P3_2	=	0x00b2
                           0000B3   194 _P3_3	=	0x00b3
                           0000B4   195 _P3_4	=	0x00b4
                           0000B5   196 _P3_5	=	0x00b5
                           0000B6   197 _P3_6	=	0x00b6
                           0000B7   198 _P3_7	=	0x00b7
                           0000B0   199 _RXD	=	0x00b0
                           0000B1   200 _TXD	=	0x00b1
                           0000B2   201 _INT0	=	0x00b2
                           0000B3   202 _INT1	=	0x00b3
                           0000B4   203 _T0	=	0x00b4
                           0000B5   204 _T1	=	0x00b5
                           0000B6   205 _WR	=	0x00b6
                           0000B7   206 _RD	=	0x00b7
                           0000B8   207 _PX0	=	0x00b8
                           0000B9   208 _PT0	=	0x00b9
                           0000BA   209 _PX1	=	0x00ba
                           0000BB   210 _PT1	=	0x00bb
                           0000BC   211 _PS	=	0x00bc
                           0000D0   212 _P	=	0x00d0
                           0000D1   213 _F1	=	0x00d1
                           0000D2   214 _OV	=	0x00d2
                           0000D3   215 _RS0	=	0x00d3
                           0000D4   216 _RS1	=	0x00d4
                           0000D5   217 _F0	=	0x00d5
                           0000D6   218 _AC	=	0x00d6
                           0000D7   219 _CY	=	0x00d7
                                    220 ;--------------------------------------------------------
                                    221 ; overlayable register banks
                                    222 ;--------------------------------------------------------
                                    223 	.area REG_BANK_0	(REL,OVR,DATA)
      000000                        224 	.ds 8
                                    225 ;--------------------------------------------------------
                                    226 ; internal ram data
                                    227 ;--------------------------------------------------------
                                    228 	.area DSEG    (DATA)
      000000                        229 _SWcounter::
      000000                        230 	.ds 1
                                    231 ;--------------------------------------------------------
                                    232 ; overlayable items in internal ram 
                                    233 ;--------------------------------------------------------
                                    234 	.area	OSEG    (OVR,DATA)
                                    235 ;--------------------------------------------------------
                                    236 ; indirectly addressable internal ram data
                                    237 ;--------------------------------------------------------
                                    238 	.area ISEG    (DATA)
                                    239 ;--------------------------------------------------------
                                    240 ; absolute internal ram data
                                    241 ;--------------------------------------------------------
                                    242 	.area IABS    (ABS,DATA)
                                    243 	.area IABS    (ABS,DATA)
                                    244 ;--------------------------------------------------------
                                    245 ; bit data
                                    246 ;--------------------------------------------------------
                                    247 	.area BSEG    (BIT)
      000000                        248 _tick::
      000000                        249 	.ds 1
                                    250 ;--------------------------------------------------------
                                    251 ; paged external ram data
                                    252 ;--------------------------------------------------------
                                    253 	.area PSEG    (PAG,XDATA)
                                    254 ;--------------------------------------------------------
                                    255 ; external ram data
                                    256 ;--------------------------------------------------------
                                    257 	.area XSEG    (XDATA)
                                    258 ;--------------------------------------------------------
                                    259 ; absolute external ram data
                                    260 ;--------------------------------------------------------
                                    261 	.area XABS    (ABS,XDATA)
                                    262 ;--------------------------------------------------------
                                    263 ; external initialized ram data
                                    264 ;--------------------------------------------------------
                                    265 	.area XISEG   (XDATA)
                                    266 	.area HOME    (CODE)
                                    267 	.area GSINIT0 (CODE)
                                    268 	.area GSINIT1 (CODE)
                                    269 	.area GSINIT2 (CODE)
                                    270 	.area GSINIT3 (CODE)
                                    271 	.area GSINIT4 (CODE)
                                    272 	.area GSINIT5 (CODE)
                                    273 	.area GSINIT  (CODE)
                                    274 	.area GSFINAL (CODE)
                                    275 	.area CSEG    (CODE)
                                    276 ;--------------------------------------------------------
                                    277 ; global & static initialisations
                                    278 ;--------------------------------------------------------
                                    279 	.area HOME    (CODE)
                                    280 	.area GSINIT  (CODE)
                                    281 	.area GSFINAL (CODE)
                                    282 	.area GSINIT  (CODE)
                                    283 ;--------------------------------------------------------
                                    284 ; Home
                                    285 ;--------------------------------------------------------
                                    286 	.area HOME    (CODE)
                                    287 	.area HOME    (CODE)
                                    288 ;--------------------------------------------------------
                                    289 ; code
                                    290 ;--------------------------------------------------------
                                    291 	.area CSEG    (CODE)
                                    292 ;------------------------------------------------------------
                                    293 ;Allocation info for local variables in function 'Main'
                                    294 ;------------------------------------------------------------
                                    295 ;	hw6timer.c:23: void Main(void) {
                                    296 ;	-----------------------------------------
                                    297 ;	 function Main
                                    298 ;	-----------------------------------------
      000000                        299 _Main:
                           000007   300 	ar7 = 0x07
                           000006   301 	ar6 = 0x06
                           000005   302 	ar5 = 0x05
                           000004   303 	ar4 = 0x04
                           000003   304 	ar3 = 0x03
                           000002   305 	ar2 = 0x02
                           000001   306 	ar1 = 0x01
                           000000   307 	ar0 = 0x00
                                    308 ;	hw6timer.c:24: tick=0;
      000000 C2*00            [12]  309 	clr	_tick
                                    310 ;	hw6timer.c:25: SWcounter=0;
      000002 75*00 00         [24]  311 	mov	_SWcounter,#0x00
                                    312 ;	hw6timer.c:26: InitTimer();	
      000005 12r00r12         [24]  313 	lcall	_InitTimer
                                    314 ;	hw6timer.c:27: while (1) {
      000008                        315 00102$:
                                    316 ;	hw6timer.c:28: PollTimer();
      000008 12r00r1B         [24]  317 	lcall	_PollTimer
                                    318 ;	hw6timer.c:29: tick=0;
      00000B C2*00            [12]  319 	clr	_tick
                                    320 ;	hw6timer.c:30: SWcounter=0;
      00000D 75*00 00         [24]  321 	mov	_SWcounter,#0x00
      000010 80 F6            [24]  322 	sjmp	00102$
                                    323 ;------------------------------------------------------------
                                    324 ;Allocation info for local variables in function 'InitTimer'
                                    325 ;------------------------------------------------------------
                                    326 ;	hw6timer.c:35: void InitTimer() {
                                    327 ;	-----------------------------------------
                                    328 ;	 function InitTimer
                                    329 ;	-----------------------------------------
      000012                        330 _InitTimer:
                                    331 ;	hw6timer.c:36: TMOD = 0x02;//mode 2
      000012 75 89 02         [24]  332 	mov	_TMOD,#0x02
                                    333 ;	hw6timer.c:37: TH0 = 156;//256-100=156
      000015 75 8C 9C         [24]  334 	mov	_TH0,#0x9C
                                    335 ;	hw6timer.c:38: TR0 = 1;
      000018 D2 8C            [12]  336 	setb	_TR0
      00001A 22               [24]  337 	ret
                                    338 ;------------------------------------------------------------
                                    339 ;Allocation info for local variables in function 'PollTimer'
                                    340 ;------------------------------------------------------------
                                    341 ;	hw6timer.c:40: void PollTimer() {
                                    342 ;	-----------------------------------------
                                    343 ;	 function PollTimer
                                    344 ;	-----------------------------------------
      00001B                        345 _PollTimer:
                                    346 ;	hw6timer.c:41: while(tick==0){
      00001B                        347 00101$:
      00001B 20*00 05         [24]  348 	jb	_tick,00103$
                                    349 ;	hw6timer.c:42: HandleRollover();
      00001E 12r00r29         [24]  350 	lcall	_HandleRollover
      000021 80 F8            [24]  351 	sjmp	00101$
      000023                        352 00103$:
                                    353 ;	hw6timer.c:44: P1=~P1;
      000023 E5 90            [12]  354 	mov	a,_P1
      000025 F4               [12]  355 	cpl	a
      000026 F5 90            [12]  356 	mov	_P1,a
      000028 22               [24]  357 	ret
                                    358 ;------------------------------------------------------------
                                    359 ;Allocation info for local variables in function 'HandleRollover'
                                    360 ;------------------------------------------------------------
                                    361 ;x                         Allocated to registers r6 r7 
                                    362 ;------------------------------------------------------------
                                    363 ;	hw6timer.c:46: void HandleRollover(){
                                    364 ;	-----------------------------------------
                                    365 ;	 function HandleRollover
                                    366 ;	-----------------------------------------
      000029                        367 _HandleRollover:
                                    368 ;	hw6timer.c:50: while (TF0 == 0);
      000029 7E 00            [12]  369 	mov	r6,#0x00
      00002B 7F 00            [12]  370 	mov	r7,#0x00
      00002D                        371 00101$:
                                    372 ;	hw6timer.c:51: TF0 = 0; // clear the timer flag
      00002D 10 8D 02         [24]  373 	jbc	_TF0,00119$
      000030 80 FB            [24]  374 	sjmp	00101$
      000032                        375 00119$:
                                    376 ;	hw6timer.c:48: for(x = 0; x < 10000; x++){
      000032 0E               [12]  377 	inc	r6
      000033 BE 00 01         [24]  378 	cjne	r6,#0x00,00120$
      000036 0F               [12]  379 	inc	r7
      000037                        380 00120$:
      000037 C3               [12]  381 	clr	c
      000038 EE               [12]  382 	mov	a,r6
      000039 94 10            [12]  383 	subb	a,#0x10
      00003B EF               [12]  384 	mov	a,r7
      00003C 64 80            [12]  385 	xrl	a,#0x80
      00003E 94 A7            [12]  386 	subb	a,#0xa7
      000040 40 EB            [24]  387 	jc	00101$
                                    388 ;	hw6timer.c:56: tick = 1;
      000042 D2*00            [12]  389 	setb	_tick
      000044 22               [24]  390 	ret
                                    391 	.area CSEG    (CODE)
                                    392 	.area CONST   (CODE)
                                    393 	.area XINIT   (CODE)
                                    394 	.area CABS    (ABS,CODE)
